build/app/intermediates/manifest_merge_blame_file/release/manifest-merger-blame-release-report.txt
1<?xml version="1.0" encoding="utf-8"?>
2<manifest xmlns:android="http://schemas.android.com/apk/res/android"
3    package="com.example.benden_al"
4    android:versionCode="1"
5    android:versionName="1.0.0" >
6
7    <uses-sdk
8        android:minSdkVersion="21"
8-->src\main\AndroidManifest.xml
9        android:targetSdkVersion="30" />
9-->src\main\AndroidManifest.xml
10
11    <uses-permission android:name="android.permission.READ_EXTERNAL_STORAGE" />
11-->[:image_picker] AndroidManifest.xml:7:5-80
11-->[:image_picker] AndroidManifest.xml:7:22-77
12    <uses-permission android:name="android.permission.WRITE_EXTERNAL_STORAGE" />
12-->[:image_picker] AndroidManifest.xml:8:5-81
12-->[:image_picker] AndroidManifest.xml:8:22-78
13    <uses-permission android:name="android.permission.INTERNET" />
13-->[com.google.firebase:firebase-auth:21.0.1] AndroidManifest.xml:23:5-67
13-->[com.google.firebase:firebase-auth:21.0.1] AndroidManifest.xml:23:22-64
14    <uses-permission android:name="android.permission.ACCESS_NETWORK_STATE" />
14-->[com.google.firebase:firebase-auth:21.0.1] AndroidManifest.xml:24:5-79
14-->[com.google.firebase:firebase-auth:21.0.1] AndroidManifest.xml:24:22-76
15    <uses-permission android:name="android.permission.WAKE_LOCK" />
15-->[com.google.android.gms:play-services-measurement-api:19.0.0] AndroidManifest.xml:24:5-68
15-->[com.google.android.gms:play-services-measurement-api:19.0.0] AndroidManifest.xml:24:22-65
16    <uses-permission android:name="com.google.android.finsky.permission.BIND_GET_INSTALL_REFERRER_SERVICE" />
16-->[com.google.android.gms:play-services-measurement:19.0.0] AndroidManifest.xml:26:5-110
16-->[com.google.android.gms:play-services-measurement:19.0.0] AndroidManifest.xml:26:22-107
17
18    <application
18-->src\main\AndroidManifest.xml:3:4-40:19
19        android:appComponentFactory="androidx.core.app.CoreComponentFactory"
19-->[androidx.core:core:1.1.0] AndroidManifest.xml:24:18-86
20        android:icon="@mipmap/ic_launcher"
20-->src\main\AndroidManifest.xml:5:9-43
21        android:label="benden al" >
21-->src\main\AndroidManifest.xml:4:9-34
22        <activity
22-->src\main\AndroidManifest.xml:6:9-34:20
23            android:name="com.example.benden_al.MainActivity"
23-->src\main\AndroidManifest.xml:7:13-41
24            android:configChanges="orientation|keyboardHidden|keyboard|screenSize|smallestScreenSize|locale|layoutDirection|fontScale|screenLayout|density|uiMode"
24-->src\main\AndroidManifest.xml:10:13-163
25            android:hardwareAccelerated="true"
25-->src\main\AndroidManifest.xml:11:13-47
26            android:launchMode="singleTop"
26-->src\main\AndroidManifest.xml:8:13-43
27            android:theme="@style/LaunchTheme"
27-->src\main\AndroidManifest.xml:9:13-47
28            android:windowSoftInputMode="adjustResize" >
28-->src\main\AndroidManifest.xml:12:13-55
29
30            <!--
31                 Specifies an Android theme to apply to this Activity as soon as
32                 the Android process has started. This theme is visible to the user
33                 while the Flutter UI initializes. After that, this theme continues
34                 to determine the Window background behind the Flutter UI.
35            -->
36            <meta-data
36-->src\main\AndroidManifest.xml:17:13-20:17
37                android:name="io.flutter.embedding.android.NormalTheme"
37-->src\main\AndroidManifest.xml:18:15-70
38                android:resource="@style/NormalTheme" />
38-->src\main\AndroidManifest.xml:19:15-52
39            <!--
40                 Displays an Android View that continues showing the launch screen
41                 Drawable until Flutter paints its first frame, then this splash
42                 screen fades out. A splash screen is useful to avoid any visual
43                 gap between the end of Android's launch screen and the painting of
44                 Flutter's first frame.
45            -->
46            <meta-data
46-->src\main\AndroidManifest.xml:26:13-29:17
47                android:name="io.flutter.embedding.android.SplashScreenDrawable"
47-->src\main\AndroidManifest.xml:27:15-79
48                android:resource="@drawable/launch_background" />
48-->src\main\AndroidManifest.xml:28:15-61
49
50            <intent-filter>
50-->src\main\AndroidManifest.xml:30:13-33:29
51                <action android:name="android.intent.action.MAIN" />
51-->src\main\AndroidManifest.xml:31:17-68
51-->src\main\AndroidManifest.xml:31:25-66
52
53                <category android:name="android.intent.category.LAUNCHER" />
53-->src\main\AndroidManifest.xml:32:17-76
53-->src\main\AndroidManifest.xml:32:27-74
54            </intent-filter>
55        </activity>
56        <!--
57             Don't delete the meta-data below.
58             This is used by the Flutter tool to generate GeneratedPluginRegistrant.java
59        -->
60        <meta-data
60-->src\main\AndroidManifest.xml:37:9-39:33
61            android:name="flutterEmbedding"
61-->src\main\AndroidManifest.xml:38:13-44
62            android:value="2" />
62-->src\main\AndroidManifest.xml:39:13-30
63
64        <service
64-->[:firebase_auth] AndroidManifest.xml:8:9-12:19
65            android:name="com.google.firebase.components.ComponentDiscoveryService"
65-->[:firebase_auth] AndroidManifest.xml:8:18-89
66            android:directBootAware="true"
66-->[com.google.firebase:firebase-common:20.0.0] AndroidManifest.xml:35:13-43
67            android:exported="false" >
67-->[com.google.firebase:firebase-auth:21.0.1] AndroidManifest.xml:76:13-37
68            <meta-data
68-->[:firebase_auth] AndroidManifest.xml:9:13-11:85
69                android:name="com.google.firebase.components:io.flutter.plugins.firebase.auth.FlutterFirebaseAuthRegistrar"
69-->[:firebase_auth] AndroidManifest.xml:10:17-124
70                android:value="com.google.firebase.components.ComponentRegistrar" />
70-->[:firebase_auth] AndroidManifest.xml:11:17-82
71            <meta-data
71-->[:firebase_storage] AndroidManifest.xml:9:13-11:85
72                android:name="com.google.firebase.components:io.flutter.plugins.firebase.storage.FlutterFirebaseAppRegistrar"
72-->[:firebase_storage] AndroidManifest.xml:10:17-126
73                android:value="com.google.firebase.components.ComponentRegistrar" />
73-->[:firebase_storage] AndroidManifest.xml:11:17-82
74            <meta-data
74-->[:cloud_firestore] AndroidManifest.xml:9:13-11:85
75                android:name="com.google.firebase.components:io.flutter.plugins.firebase.firestore.FlutterFirebaseFirestoreRegistrar"
75-->[:cloud_firestore] AndroidManifest.xml:10:17-134
76                android:value="com.google.firebase.components.ComponentRegistrar" />
76-->[:cloud_firestore] AndroidManifest.xml:11:17-82
77            <meta-data
77-->[:firebase_core] AndroidManifest.xml:9:13-11:85
78                android:name="com.google.firebase.components:io.flutter.plugins.firebase.core.FlutterFirebaseCoreRegistrar"
78-->[:firebase_core] AndroidManifest.xml:10:17-124
79                android:value="com.google.firebase.components.ComponentRegistrar" />
79-->[:firebase_core] AndroidManifest.xml:11:17-82
80            <meta-data
80-->[com.google.firebase:firebase-auth:21.0.1] AndroidManifest.xml:77:13-79:85
81                android:name="com.google.firebase.components:com.google.firebase.auth.FirebaseAuthRegistrar"
81-->[com.google.firebase:firebase-auth:21.0.1] AndroidManifest.xml:78:17-109
82                android:value="com.google.firebase.components.ComponentRegistrar" />
82-->[com.google.firebase:firebase-auth:21.0.1] AndroidManifest.xml:79:17-82
83            <meta-data
83-->[com.google.firebase:firebase-firestore:23.0.1] AndroidManifest.xml:20:13-22:85
84                android:name="com.google.firebase.components:com.google.firebase.firestore.FirestoreRegistrar"
84-->[com.google.firebase:firebase-firestore:23.0.1] AndroidManifest.xml:21:17-111
85                android:value="com.google.firebase.components.ComponentRegistrar" />
85-->[com.google.firebase:firebase-firestore:23.0.1] AndroidManifest.xml:22:17-82
86            <meta-data
86-->[com.google.firebase:firebase-storage:20.0.0] AndroidManifest.xml:33:13-35:85
87                android:name="com.google.firebase.components:com.google.firebase.storage.StorageRegistrar"
87-->[com.google.firebase:firebase-storage:20.0.0] AndroidManifest.xml:34:17-107
88                android:value="com.google.firebase.components.ComponentRegistrar" />
88-->[com.google.firebase:firebase-storage:20.0.0] AndroidManifest.xml:35:17-82
89            <meta-data
89-->[com.google.android.gms:play-services-measurement-api:19.0.0] AndroidManifest.xml:30:13-32:85
90                android:name="com.google.firebase.components:com.google.firebase.analytics.connector.internal.AnalyticsConnectorRegistrar"
90-->[com.google.android.gms:play-services-measurement-api:19.0.0] AndroidManifest.xml:31:17-139
91                android:value="com.google.firebase.components.ComponentRegistrar" />
91-->[com.google.android.gms:play-services-measurement-api:19.0.0] AndroidManifest.xml:32:17-82
92            <meta-data
92-->[com.google.firebase:firebase-installations:17.0.0] AndroidManifest.xml:18:13-20:85
93                android:name="com.google.firebase.components:com.google.firebase.installations.FirebaseInstallationsRegistrar"
93-->[com.google.firebase:firebase-installations:17.0.0] AndroidManifest.xml:19:17-127
94                android:value="com.google.firebase.components.ComponentRegistrar" />
94-->[com.google.firebase:firebase-installations:17.0.0] AndroidManifest.xml:20:17-82
95        </service>
96
97        <provider
97-->[:image_picker] AndroidManifest.xml:11:9-19:20
98            android:name="io.flutter.plugins.imagepicker.ImagePickerFileProvider"
98-->[:image_picker] AndroidManifest.xml:12:13-82
99            android:authorities="com.example.benden_al.flutter.image_provider"
99-->[:image_picker] AndroidManifest.xml:13:13-74
100            android:exported="false"
100-->[:image_picker] AndroidManifest.xml:14:13-37
101            android:grantUriPermissions="true" >
101-->[:image_picker] AndroidManifest.xml:15:13-47
102            <meta-data
102-->[:image_picker] AndroidManifest.xml:16:13-18:75
103                android:name="android.support.FILE_PROVIDER_PATHS"
103-->[:image_picker] AndroidManifest.xml:17:17-67
104                android:resource="@xml/flutter_image_picker_file_paths" />
104-->[:image_picker] AndroidManifest.xml:18:17-72
105        </provider>
106        <provider
106-->[com.sangcomz:FishBun:0.11.2] AndroidManifest.xml:12:9-20:20
107            android:name="com.sangcomz.fishbun.FishBunFileProvider"
107-->[com.sangcomz:FishBun:0.11.2] AndroidManifest.xml:13:13-68
108            android:authorities="com.example.benden_al.fishbunfileprovider"
108-->[com.sangcomz:FishBun:0.11.2] AndroidManifest.xml:14:13-71
109            android:exported="false"
109-->[com.sangcomz:FishBun:0.11.2] AndroidManifest.xml:15:13-37
110            android:grantUriPermissions="true" >
110-->[com.sangcomz:FishBun:0.11.2] AndroidManifest.xml:16:13-47
111            <meta-data
111-->[:image_picker] AndroidManifest.xml:16:13-18:75
112                android:name="android.support.FILE_PROVIDER_PATHS"
112-->[:image_picker] AndroidManifest.xml:17:17-67
113                android:resource="@xml/provider_paths" />
113-->[:image_picker] AndroidManifest.xml:18:17-72
114        </provider>
115
116        <activity
116-->[com.sangcomz:FishBun:0.11.2] AndroidManifest.xml:22:9-25:51
117            android:name="com.sangcomz.fishbun.ui.album.AlbumActivity"
117-->[com.sangcomz:FishBun:0.11.2] AndroidManifest.xml:23:13-71
118            android:label="@string/album"
118-->[com.sangcomz:FishBun:0.11.2] AndroidManifest.xml:24:13-42
119            android:theme="@style/FishBunTheme" />
119-->[com.sangcomz:FishBun:0.11.2] AndroidManifest.xml:25:13-48
120        <activity
120-->[com.sangcomz:FishBun:0.11.2] AndroidManifest.xml:26:9-28:51
121            android:name="com.sangcomz.fishbun.ui.picker.PickerActivity"
121-->[com.sangcomz:FishBun:0.11.2] AndroidManifest.xml:27:13-73
122            android:theme="@style/FishBunTheme" />
122-->[com.sangcomz:FishBun:0.11.2] AndroidManifest.xml:28:13-48
123        <activity
123-->[com.sangcomz:FishBun:0.11.2] AndroidManifest.xml:29:9-31:54
124            android:name="com.sangcomz.fishbun.ui.detail.DetailActivity"
124-->[com.sangcomz:FishBun:0.11.2] AndroidManifest.xml:30:13-73
125            android:theme="@style/DetailViewTheme" />
125-->[com.sangcomz:FishBun:0.11.2] AndroidManifest.xml:31:13-51
126        <activity
126-->[com.google.firebase:firebase-auth:21.0.1] AndroidManifest.xml:27:9-44:20
127            android:name="com.google.firebase.auth.internal.GenericIdpActivity"
127-->[com.google.firebase:firebase-auth:21.0.1] AndroidManifest.xml:28:13-80
128            android:excludeFromRecents="true"
128-->[com.google.firebase:firebase-auth:21.0.1] AndroidManifest.xml:29:13-46
129            android:exported="true"
129-->[com.google.firebase:firebase-auth:21.0.1] AndroidManifest.xml:30:13-36
130            android:launchMode="singleTask"
130-->[com.google.firebase:firebase-auth:21.0.1] AndroidManifest.xml:31:13-44
131            android:theme="@android:style/Theme.Translucent.NoTitleBar" >
131-->[com.google.firebase:firebase-auth:21.0.1] AndroidManifest.xml:32:13-72
132            <intent-filter>
132-->[com.google.firebase:firebase-auth:21.0.1] AndroidManifest.xml:33:13-43:29
133                <action android:name="android.intent.action.VIEW" />
133-->[com.google.firebase:firebase-auth:21.0.1] AndroidManifest.xml:34:17-69
133-->[com.google.firebase:firebase-auth:21.0.1] AndroidManifest.xml:34:25-66
134
135                <category android:name="android.intent.category.DEFAULT" />
135-->[com.google.firebase:firebase-auth:21.0.1] AndroidManifest.xml:36:17-76
135-->[com.google.firebase:firebase-auth:21.0.1] AndroidManifest.xml:36:27-73
136                <category android:name="android.intent.category.BROWSABLE" />
136-->[com.google.firebase:firebase-auth:21.0.1] AndroidManifest.xml:37:17-78
136-->[com.google.firebase:firebase-auth:21.0.1] AndroidManifest.xml:37:27-75
137
138                <data
138-->[com.google.firebase:firebase-auth:21.0.1] AndroidManifest.xml:39:17-42:51
139                    android:host="firebase.auth"
139-->[com.google.firebase:firebase-auth:21.0.1] AndroidManifest.xml:40:21-49
140                    android:path="/"
140-->[com.google.firebase:firebase-auth:21.0.1] AndroidManifest.xml:41:21-37
141                    android:scheme="genericidp" />
141-->[com.google.firebase:firebase-auth:21.0.1] AndroidManifest.xml:42:21-48
142            </intent-filter>
143        </activity>
144        <activity
144-->[com.google.firebase:firebase-auth:21.0.1] AndroidManifest.xml:45:9-62:20
145            android:name="com.google.firebase.auth.internal.RecaptchaActivity"
145-->[com.google.firebase:firebase-auth:21.0.1] AndroidManifest.xml:46:13-79
146            android:excludeFromRecents="true"
146-->[com.google.firebase:firebase-auth:21.0.1] AndroidManifest.xml:47:13-46
147            android:exported="true"
147-->[com.google.firebase:firebase-auth:21.0.1] AndroidManifest.xml:48:13-36
148            android:launchMode="singleTask"
148-->[com.google.firebase:firebase-auth:21.0.1] AndroidManifest.xml:49:13-44
149            android:theme="@android:style/Theme.Translucent.NoTitleBar" >
149-->[com.google.firebase:firebase-auth:21.0.1] AndroidManifest.xml:50:13-72
150            <intent-filter>
150-->[com.google.firebase:firebase-auth:21.0.1] AndroidManifest.xml:51:13-61:29
151                <action android:name="android.intent.action.VIEW" />
151-->[com.google.firebase:firebase-auth:21.0.1] AndroidManifest.xml:34:17-69
151-->[com.google.firebase:firebase-auth:21.0.1] AndroidManifest.xml:34:25-66
152
153                <category android:name="android.intent.category.DEFAULT" />
153-->[com.google.firebase:firebase-auth:21.0.1] AndroidManifest.xml:36:17-76
153-->[com.google.firebase:firebase-auth:21.0.1] AndroidManifest.xml:36:27-73
154                <category android:name="android.intent.category.BROWSABLE" />
154-->[com.google.firebase:firebase-auth:21.0.1] AndroidManifest.xml:37:17-78
154-->[com.google.firebase:firebase-auth:21.0.1] AndroidManifest.xml:37:27-75
155
156                <data
156-->[com.google.firebase:firebase-auth:21.0.1] AndroidManifest.xml:39:17-42:51
157                    android:host="firebase.auth"
157-->[com.google.firebase:firebase-auth:21.0.1] AndroidManifest.xml:40:21-49
158                    android:path="/"
158-->[com.google.firebase:firebase-auth:21.0.1] AndroidManifest.xml:41:21-37
159                    android:scheme="recaptcha" />
159-->[com.google.firebase:firebase-auth:21.0.1] AndroidManifest.xml:42:21-48
160            </intent-filter>
161        </activity>
162
163        <service
163-->[com.google.firebase:firebase-auth:21.0.1] AndroidManifest.xml:64:9-73:19
164            android:name="com.google.firebase.auth.api.fallback.service.FirebaseAuthFallbackService"
164-->[com.google.firebase:firebase-auth:21.0.1] AndroidManifest.xml:65:13-101
165            android:enabled="true"
165-->[com.google.firebase:firebase-auth:21.0.1] AndroidManifest.xml:66:13-35
166            android:exported="false" >
166-->[com.google.firebase:firebase-auth:21.0.1] AndroidManifest.xml:67:13-37
167            <intent-filter>
167-->[com.google.firebase:firebase-auth:21.0.1] AndroidManifest.xml:68:13-72:29
168                <action android:name="com.google.firebase.auth.api.gms.service.START" />
168-->[com.google.firebase:firebase-auth:21.0.1] AndroidManifest.xml:69:17-89
168-->[com.google.firebase:firebase-auth:21.0.1] AndroidManifest.xml:69:25-86
169
170                <category android:name="android.intent.category.DEFAULT" />
170-->[com.google.firebase:firebase-auth:21.0.1] AndroidManifest.xml:36:17-76
170-->[com.google.firebase:firebase-auth:21.0.1] AndroidManifest.xml:36:27-73
171            </intent-filter>
172        </service>
173
174        <provider
174-->[com.google.firebase:firebase-common:20.0.0] AndroidManifest.xml:26:9-31:39
175            android:name="com.google.firebase.provider.FirebaseInitProvider"
175-->[com.google.firebase:firebase-common:20.0.0] AndroidManifest.xml:27:13-77
176            android:authorities="com.example.benden_al.firebaseinitprovider"
176-->[com.google.firebase:firebase-common:20.0.0] AndroidManifest.xml:28:13-72
177            android:directBootAware="true"
177-->[com.google.firebase:firebase-common:20.0.0] AndroidManifest.xml:29:13-43
178            android:exported="false"
178-->[com.google.firebase:firebase-common:20.0.0] AndroidManifest.xml:30:13-37
179            android:initOrder="100" />
179-->[com.google.firebase:firebase-common:20.0.0] AndroidManifest.xml:31:13-36
180
181        <activity
181-->[com.google.android.gms:play-services-base:17.1.0] AndroidManifest.xml:23:9-26:75
182            android:name="com.google.android.gms.common.api.GoogleApiActivity"
182-->[com.google.android.gms:play-services-base:17.1.0] AndroidManifest.xml:24:13-79
183            android:exported="false"
183-->[com.google.android.gms:play-services-base:17.1.0] AndroidManifest.xml:25:13-37
184            android:theme="@android:style/Theme.Translucent.NoTitleBar" />
184-->[com.google.android.gms:play-services-base:17.1.0] AndroidManifest.xml:26:13-72
185
186        <receiver
186-->[com.google.android.gms:play-services-measurement:19.0.0] AndroidManifest.xml:29:9-33:20
187            android:name="com.google.android.gms.measurement.AppMeasurementReceiver"
187-->[com.google.android.gms:play-services-measurement:19.0.0] AndroidManifest.xml:30:13-85
188            android:enabled="true"
188-->[com.google.android.gms:play-services-measurement:19.0.0] AndroidManifest.xml:31:13-35
189            android:exported="false" >
189-->[com.google.android.gms:play-services-measurement:19.0.0] AndroidManifest.xml:32:13-37
190        </receiver>
191
192        <service
192-->[com.google.android.gms:play-services-measurement:19.0.0] AndroidManifest.xml:35:9-38:40
193            android:name="com.google.android.gms.measurement.AppMeasurementService"
193-->[com.google.android.gms:play-services-measurement:19.0.0] AndroidManifest.xml:36:13-84
194            android:enabled="true"
194-->[com.google.android.gms:play-services-measurement:19.0.0] AndroidManifest.xml:37:13-35
195            android:exported="false" />
195-->[com.google.android.gms:play-services-measurement:19.0.0] AndroidManifest.xml:38:13-37
196        <service
196-->[com.google.android.gms:play-services-measurement:19.0.0] AndroidManifest.xml:39:9-43:72
197            android:name="com.google.android.gms.measurement.AppMeasurementJobService"
197-->[com.google.android.gms:play-services-measurement:19.0.0] AndroidManifest.xml:40:13-87
198            android:enabled="true"
198-->[com.google.android.gms:play-services-measurement:19.0.0] AndroidManifest.xml:41:13-35
199            android:exported="false"
199-->[com.google.android.gms:play-services-measurement:19.0.0] AndroidManifest.xml:42:13-37
200            android:permission="android.permission.BIND_JOB_SERVICE" />
200-->[com.google.android.gms:play-services-measurement:19.0.0] AndroidManifest.xml:43:13-69
201
202        <meta-data
202-->[com.google.android.gms:play-services-basement:17.1.0] AndroidManifest.xml:23:9-25:69
203            android:name="com.google.android.gms.version"
203-->[com.google.android.gms:play-services-basement:17.1.0] AndroidManifest.xml:24:13-58
204            android:value="@integer/google_play_services_version" />
204-->[com.google.android.gms:play-services-basement:17.1.0] AndroidManifest.xml:25:13-66
205    </application>
206
207</manifest>